{"/Users/eugenevanzyl/Desktop/lootcheck/src/actions/balance.js": {"path":"/Users/eugenevanzyl/Desktop/lootcheck/src/actions/balance.js","statementMap":{"0":{"start":{"line":3,"column":26},"end":{"line":5,"column":1}},"1":{"start":{"line":4,"column":4},"end":{"line":4,"column":49}},"2":{"start":{"line":7,"column":23},"end":{"line":9,"column":1}},"3":{"start":{"line":8,"column":4},"end":{"line":8,"column":45}},"4":{"start":{"line":11,"column":24},"end":{"line":13,"column":1}},"5":{"start":{"line":12,"column":4},"end":{"line":12,"column":47}}},"fnMap":{"0":{"name":"(anonymous_0)","decl":{"start":{"line":3,"column":26},"end":{"line":3,"column":27}},"loc":{"start":{"line":3,"column":37},"end":{"line":5,"column":1}},"line":3},"1":{"name":"(anonymous_1)","decl":{"start":{"line":7,"column":23},"end":{"line":7,"column":24}},"loc":{"start":{"line":7,"column":34},"end":{"line":9,"column":1}},"line":7},"2":{"name":"(anonymous_2)","decl":{"start":{"line":11,"column":24},"end":{"line":11,"column":25}},"loc":{"start":{"line":11,"column":36},"end":{"line":13,"column":1}},"line":11}},"branchMap":{},"s":{"0":3,"1":1,"2":3,"3":1,"4":3,"5":1},"f":{"0":1,"1":1,"2":1},"b":{},"_coverageSchema":"332fd63041d2c1bcb487cc26dd0d5f7d97098a6c","hash":"21debc00698ab09838c7701899817376bdb9116e"}
,"/Users/eugenevanzyl/Desktop/lootcheck/src/actions/bitcoin.js": {"path":"/Users/eugenevanzyl/Desktop/lootcheck/src/actions/bitcoin.js","statementMap":{"0":{"start":{"line":3,"column":28},"end":{"line":7,"column":63}},"1":{"start":{"line":4,"column":4},"end":{"line":7,"column":63}},"2":{"start":{"line":5,"column":8},"end":{"line":7,"column":63}},"3":{"start":{"line":6,"column":12},"end":{"line":6,"column":27}},"4":{"start":{"line":7,"column":16},"end":{"line":7,"column":62}}},"fnMap":{"0":{"name":"(anonymous_0)","decl":{"start":{"line":3,"column":28},"end":{"line":3,"column":29}},"loc":{"start":{"line":4,"column":4},"end":{"line":7,"column":63}},"line":4},"1":{"name":"(anonymous_1)","decl":{"start":{"line":4,"column":4},"end":{"line":4,"column":5}},"loc":{"start":{"line":5,"column":8},"end":{"line":7,"column":63}},"line":5},"2":{"name":"(anonymous_2)","decl":{"start":{"line":5,"column":72},"end":{"line":5,"column":73}},"loc":{"start":{"line":6,"column":12},"end":{"line":6,"column":27}},"line":6},"3":{"name":"(anonymous_3)","decl":{"start":{"line":6,"column":34},"end":{"line":6,"column":35}},"loc":{"start":{"line":7,"column":16},"end":{"line":7,"column":62}},"line":7}},"branchMap":{},"s":{"0":3,"1":1,"2":1,"3":1,"4":1},"f":{"0":1,"1":1,"2":1,"3":1},"b":{},"_coverageSchema":"332fd63041d2c1bcb487cc26dd0d5f7d97098a6c","hash":"8353f1ea28814e1febe1e9c3add8508bc3b62795"}
,"/Users/eugenevanzyl/Desktop/lootcheck/src/actions/constants.js": {"path":"/Users/eugenevanzyl/Desktop/lootcheck/src/actions/constants.js","statementMap":{"0":{"start":{"line":1,"column":27},"end":{"line":1,"column":40}},"1":{"start":{"line":2,"column":23},"end":{"line":2,"column":32}},"2":{"start":{"line":3,"column":24},"end":{"line":3,"column":34}},"3":{"start":{"line":4,"column":29},"end":{"line":4,"column":44}}},"fnMap":{},"branchMap":{},"s":{"0":8,"1":8,"2":8,"3":8},"f":{},"b":{},"_coverageSchema":"332fd63041d2c1bcb487cc26dd0d5f7d97098a6c","hash":"32a827da64b8794b0c59570214dd726ae2a15dd8"}
,"/Users/eugenevanzyl/Desktop/lootcheck/src/components/app.js": {"path":"/Users/eugenevanzyl/Desktop/lootcheck/src/components/app.js","statementMap":{"0":{"start":{"line":7,"column":21},"end":{"line":17,"column":6}}},"fnMap":{"0":{"name":"(anonymous_0)","decl":{"start":{"line":7,"column":15},"end":{"line":7,"column":16}},"loc":{"start":{"line":7,"column":21},"end":{"line":17,"column":6}},"line":7}},"branchMap":{},"s":{"0":1},"f":{"0":1},"b":{},"_coverageSchema":"332fd63041d2c1bcb487cc26dd0d5f7d97098a6c","hash":"aae9de85bd5374d7974282c430307d33c58e7a86"}
,"/Users/eugenevanzyl/Desktop/lootcheck/src/components/loot.js": {"path":"/Users/eugenevanzyl/Desktop/lootcheck/src/components/loot.js","statementMap":{"0":{"start":{"line":8,"column":26},"end":{"line":8,"column":36}},"1":{"start":{"line":9,"column":8},"end":{"line":9,"column":57}},"2":{"start":{"line":9,"column":47},"end":{"line":9,"column":57}},"3":{"start":{"line":11,"column":8},"end":{"line":11,"column":87}},"4":{"start":{"line":14,"column":8},"end":{"line":14,"column":34}},"5":{"start":{"line":17,"column":8},"end":{"line":20,"column":14}},"6":{"start":{"line":24,"column":32},"end":{"line":24,"column":37}}},"fnMap":{"0":{"name":"(anonymous_0)","decl":{"start":{"line":7,"column":4},"end":{"line":7,"column":5}},"loc":{"start":{"line":7,"column":20},"end":{"line":12,"column":5}},"line":7},"1":{"name":"(anonymous_1)","decl":{"start":{"line":13,"column":4},"end":{"line":13,"column":5}},"loc":{"start":{"line":13,"column":23},"end":{"line":15,"column":5}},"line":13},"2":{"name":"(anonymous_2)","decl":{"start":{"line":16,"column":4},"end":{"line":16,"column":5}},"loc":{"start":{"line":16,"column":12},"end":{"line":21,"column":5}},"line":16},"3":{"name":"(anonymous_3)","decl":{"start":{"line":24,"column":23},"end":{"line":24,"column":24}},"loc":{"start":{"line":24,"column":32},"end":{"line":24,"column":37}},"line":24}},"branchMap":{"0":{"loc":{"start":{"line":9,"column":8},"end":{"line":9,"column":57}},"type":"if","locations":[{"start":{"line":9,"column":8},"end":{"line":9,"column":57}},{"start":{"line":9,"column":8},"end":{"line":9,"column":57}}],"line":9}},"s":{"0":3,"1":3,"2":2,"3":1,"4":1,"5":3,"6":0},"f":{"0":3,"1":1,"2":3,"3":0},"b":{"0":[2,1]},"_coverageSchema":"332fd63041d2c1bcb487cc26dd0d5f7d97098a6c","hash":"4920d47ddaed8c72cfeafa05292f7e614125e619"}
,"/Users/eugenevanzyl/Desktop/lootcheck/src/components/wallet.js": {"path":"/Users/eugenevanzyl/Desktop/lootcheck/src/components/wallet.js","statementMap":{"0":{"start":{"line":8,"column":8},"end":{"line":8,"column":21}},"1":{"start":{"line":9,"column":8},"end":{"line":9,"column":41}},"2":{"start":{"line":10,"column":8},"end":{"line":10,"column":47}},"3":{"start":{"line":11,"column":8},"end":{"line":11,"column":49}},"4":{"start":{"line":14,"column":14},"end":{"line":14,"column":53}},"5":{"start":{"line":15,"column":15},"end":{"line":15,"column":55}},"6":{"start":{"line":18,"column":8},"end":{"line":31,"column":10}},"7":{"start":{"line":22,"column":58},"end":{"line":22,"column":111}},"8":{"start":{"line":34,"column":31},"end":{"line":34,"column":55}}},"fnMap":{"0":{"name":"(anonymous_0)","decl":{"start":{"line":7,"column":4},"end":{"line":7,"column":5}},"loc":{"start":{"line":7,"column":23},"end":{"line":12,"column":5}},"line":7},"1":{"name":"(anonymous_1)","decl":{"start":{"line":14,"column":4},"end":{"line":14,"column":5}},"loc":{"start":{"line":14,"column":13},"end":{"line":14,"column":54}},"line":14},"2":{"name":"(anonymous_2)","decl":{"start":{"line":15,"column":4},"end":{"line":15,"column":5}},"loc":{"start":{"line":15,"column":14},"end":{"line":15,"column":56}},"line":15},"3":{"name":"(anonymous_3)","decl":{"start":{"line":17,"column":4},"end":{"line":17,"column":5}},"loc":{"start":{"line":17,"column":12},"end":{"line":32,"column":1}},"line":17},"4":{"name":"(anonymous_4)","decl":{"start":{"line":22,"column":53},"end":{"line":22,"column":54}},"loc":{"start":{"line":22,"column":58},"end":{"line":22,"column":111}},"line":22},"5":{"name":"(anonymous_5)","decl":{"start":{"line":34,"column":23},"end":{"line":34,"column":24}},"loc":{"start":{"line":34,"column":31},"end":{"line":34,"column":55}},"line":34}},"branchMap":{},"s":{"0":1,"1":1,"2":1,"3":1,"4":1,"5":1,"6":2,"7":1,"8":0},"f":{"0":1,"1":1,"2":1,"3":2,"4":1,"5":0},"b":{},"_coverageSchema":"332fd63041d2c1bcb487cc26dd0d5f7d97098a6c","hash":"794bb5c99917502f646f2611954d0113fde65f8d"}
,"/Users/eugenevanzyl/Desktop/lootcheck/src/helper/index.js": {"path":"/Users/eugenevanzyl/Desktop/lootcheck/src/helper/index.js","statementMap":{"0":{"start":{"line":1,"column":25},"end":{"line":2,"column":49}},"1":{"start":{"line":2,"column":4},"end":{"line":2,"column":49}},"2":{"start":{"line":4,"column":24},"end":{"line":6,"column":23}},"3":{"start":{"line":5,"column":4},"end":{"line":6,"column":23}},"4":{"start":{"line":6,"column":8},"end":{"line":6,"column":22}},"5":{"start":{"line":8,"column":28},"end":{"line":19,"column":1}},"6":{"start":{"line":21,"column":25},"end":{"line":36,"column":1}}},"fnMap":{"0":{"name":"(anonymous_0)","decl":{"start":{"line":1,"column":25},"end":{"line":1,"column":26}},"loc":{"start":{"line":2,"column":4},"end":{"line":2,"column":49}},"line":2},"1":{"name":"(anonymous_1)","decl":{"start":{"line":4,"column":24},"end":{"line":4,"column":25}},"loc":{"start":{"line":5,"column":4},"end":{"line":6,"column":23}},"line":5},"2":{"name":"(anonymous_2)","decl":{"start":{"line":5,"column":17},"end":{"line":5,"column":18}},"loc":{"start":{"line":6,"column":8},"end":{"line":6,"column":22}},"line":6}},"branchMap":{"0":{"loc":{"start":{"line":2,"column":4},"end":{"line":2,"column":49}},"type":"cond-expr","locations":[{"start":{"line":2,"column":25},"end":{"line":2,"column":45}},{"start":{"line":2,"column":48},"end":{"line":2,"column":49}}],"line":2}},"s":{"0":4,"1":2,"2":4,"3":1,"4":3,"5":4,"6":4},"f":{"0":2,"1":1,"2":3},"b":{"0":[1,1]},"_coverageSchema":"332fd63041d2c1bcb487cc26dd0d5f7d97098a6c","hash":"0481bbe629075454183172d46561ed07d3e8e481"}
,"/Users/eugenevanzyl/Desktop/lootcheck/src/reducers/balance.js": {"path":"/Users/eugenevanzyl/Desktop/lootcheck/src/reducers/balance.js","statementMap":{"0":{"start":{"line":4,"column":23},"end":{"line":4,"column":39}},"1":{"start":{"line":9,"column":4},"end":{"line":21,"column":5}},"2":{"start":{"line":11,"column":12},"end":{"line":11,"column":37}},"3":{"start":{"line":12,"column":12},"end":{"line":12,"column":18}},"4":{"start":{"line":14,"column":12},"end":{"line":14,"column":43}},"5":{"start":{"line":15,"column":12},"end":{"line":15,"column":18}},"6":{"start":{"line":17,"column":12},"end":{"line":17,"column":44}},"7":{"start":{"line":18,"column":12},"end":{"line":18,"column":18}},"8":{"start":{"line":20,"column":12},"end":{"line":20,"column":73}},"9":{"start":{"line":23,"column":4},"end":{"line":23,"column":41}},"10":{"start":{"line":24,"column":4},"end":{"line":24,"column":19}}},"fnMap":{"0":{"name":"(anonymous_0)","decl":{"start":{"line":6,"column":15},"end":{"line":6,"column":16}},"loc":{"start":{"line":6,"column":36},"end":{"line":25,"column":1}},"line":6}},"branchMap":{"0":{"loc":{"start":{"line":6,"column":16},"end":{"line":6,"column":23}},"type":"default-arg","locations":[{"start":{"line":6,"column":22},"end":{"line":6,"column":23}}],"line":6},"1":{"loc":{"start":{"line":9,"column":4},"end":{"line":21,"column":5}},"type":"switch","locations":[{"start":{"line":10,"column":8},"end":{"line":12,"column":18}},{"start":{"line":13,"column":8},"end":{"line":15,"column":18}},{"start":{"line":16,"column":8},"end":{"line":18,"column":18}},{"start":{"line":19,"column":8},"end":{"line":20,"column":73}}],"line":9},"2":{"loc":{"start":{"line":20,"column":22},"end":{"line":20,"column":72}},"type":"binary-expr","locations":[{"start":{"line":20,"column":22},"end":{"line":20,"column":63}},{"start":{"line":20,"column":67},"end":{"line":20,"column":72}}],"line":20}},"s":{"0":2,"1":8,"2":1,"3":1,"4":1,"5":1,"6":1,"7":1,"8":5,"9":8,"10":8},"f":{"0":8},"b":{"0":[6],"1":[1,1,1,5],"2":[5,4]},"_coverageSchema":"332fd63041d2c1bcb487cc26dd0d5f7d97098a6c","hash":"3b42d375174429417159610f0aa20caf1d4d7559"}
,"/Users/eugenevanzyl/Desktop/lootcheck/src/reducers/bitcoin.js": {"path":"/Users/eugenevanzyl/Desktop/lootcheck/src/reducers/bitcoin.js","statementMap":{"0":{"start":{"line":4,"column":4},"end":{"line":9,"column":5}},"1":{"start":{"line":6,"column":12},"end":{"line":6,"column":34}},"2":{"start":{"line":8,"column":12},"end":{"line":8,"column":25}}},"fnMap":{"0":{"name":"(anonymous_0)","decl":{"start":{"line":3,"column":15},"end":{"line":3,"column":16}},"loc":{"start":{"line":3,"column":35},"end":{"line":10,"column":1}},"line":3}},"branchMap":{"0":{"loc":{"start":{"line":3,"column":16},"end":{"line":3,"column":24}},"type":"default-arg","locations":[{"start":{"line":3,"column":22},"end":{"line":3,"column":24}}],"line":3},"1":{"loc":{"start":{"line":4,"column":4},"end":{"line":9,"column":5}},"type":"switch","locations":[{"start":{"line":5,"column":8},"end":{"line":6,"column":34}},{"start":{"line":7,"column":8},"end":{"line":8,"column":25}}],"line":4}},"s":{"0":4,"1":1,"2":3},"f":{"0":4},"b":{"0":[3],"1":[1,3]},"_coverageSchema":"332fd63041d2c1bcb487cc26dd0d5f7d97098a6c","hash":"748e4e8e081463711ae1f9f544272c1e43fb06d3"}
,"/Users/eugenevanzyl/Desktop/lootcheck/src/reducers/index.js": {"path":"/Users/eugenevanzyl/Desktop/lootcheck/src/reducers/index.js","statementMap":{},"fnMap":{},"branchMap":{},"s":{},"f":{},"b":{},"_coverageSchema":"332fd63041d2c1bcb487cc26dd0d5f7d97098a6c","hash":"9f58d41701219845ba9f155fefc0a0b5ae9defba"}
}
